Flow report for course_3_mult
Mon Jun 20 17:19:36 2022
Quartus II Version 9.0 Build 132 02/25/2009 SJ Full Version


---------------------
; Table of Contents ;
---------------------
  1. Legal Notice
  2. Flow Summary
  3. Flow Settings
  4. Flow Non-Default Global Settings
  5. Flow Elapsed Time
  6. Flow OS Summary
  7. Flow Log



----------------
; Legal Notice ;
----------------
Copyright (C) 1991-2009 Altera Corporation
Your use of Altera Corporation's design tools, logic functions 
and other software and tools, and its AMPP partner logic 
functions, and any output files from any of the foregoing 
(including device programming or simulation files), and any 
associated documentation or information are expressly subject 
to the terms and conditions of the Altera Program License 
Subscription Agreement, Altera MegaCore Function License 
Agreement, or other applicable license agreement, including, 
without limitation, that your use is for the sole purpose of 
programming logic devices manufactured by Altera and sold by 
Altera or its authorized distributors.  Please refer to the 
applicable agreement for further details.



+-------------------------------------------------------------------------------+
; Flow Summary                                                                  ;
+------------------------------------+------------------------------------------+
; Flow Status                        ; Successful - Mon Jun 20 17:19:35 2022    ;
; Quartus II Version                 ; 9.0 Build 132 02/25/2009 SJ Full Version ;
; Revision Name                      ; course_3_mult                            ;
; Top-level Entity Name              ; course_3_mult                            ;
; Family                             ; Cyclone III                              ;
; Met timing requirements            ; N/A                                      ;
; Total logic elements               ; 338 / 5,136 ( 7 % )                      ;
;     Total combinational functions  ; 320 / 5,136 ( 6 % )                      ;
;     Dedicated logic registers      ; 126 / 5,136 ( 2 % )                      ;
; Total registers                    ; 126                                      ;
; Total pins                         ; 61 / 183 ( 33 % )                        ;
; Total virtual pins                 ; 0                                        ;
; Total memory bits                  ; 0 / 423,936 ( 0 % )                      ;
; Embedded Multiplier 9-bit elements ; 21 / 46 ( 46 % )                         ;
; Total PLLs                         ; 0 / 2 ( 0 % )                            ;
; Device                             ; EP3C5F256C6                              ;
; Timing Models                      ; Final                                    ;
+------------------------------------+------------------------------------------+


+-----------------------------------------+
; Flow Settings                           ;
+-------------------+---------------------+
; Option            ; Setting             ;
+-------------------+---------------------+
; Start date & time ; 06/20/2022 17:19:19 ;
; Main task         ; Compilation         ;
; Revision Name     ; course_3_mult       ;
+-------------------+---------------------+


+--------------------------------------------------------------------------------------------------------------------------------------+
; Flow Non-Default Global Settings                                                                                                     ;
+---------------------------------------+--------------------------------+------------------------------+-------------+----------------+
; Assignment Name                       ; Value                          ; Default Value                ; Entity Name ; Section Id     ;
+---------------------------------------+--------------------------------+------------------------------+-------------+----------------+
; COMPILER_SIGNATURE_ID                 ; 57827282568648.165573475805384 ; --                           ; --          ; --             ;
; CRC_ERROR_OPEN_DRAIN                  ; Off                            ; On                           ; --          ; --             ;
; EDA_GENERATE_FUNCTIONAL_NETLIST       ; On                             ; --                           ; --          ; eda_simulation ;
; EDA_OUTPUT_DATA_FORMAT                ; Verilog Hdl                    ; --                           ; --          ; eda_simulation ;
; EDA_SIMULATION_TOOL                   ; ModelSim-Altera (Verilog)      ; <None>                       ; --          ; --             ;
; EDA_TIME_SCALE                        ; 1 ps                           ; --                           ; --          ; eda_simulation ;
; FITTER_EFFORT                         ; Standard Fit                   ; Auto Fit                     ; --          ; --             ;
; INCREMENTAL_COMPILATION               ; Off                            ; FULL_INCREMENTAL_COMPILATION ; --          ; --             ;
; PARTITION_COLOR                       ; 16764057                       ; --                           ; --          ; Top            ;
; PARTITION_FITTER_PRESERVATION_LEVEL   ; PLACEMENT_AND_ROUTING          ; --                           ; --          ; Top            ;
; PARTITION_NETLIST_TYPE                ; SOURCE                         ; --                           ; --          ; Top            ;
; SYNCHRONIZATION_REGISTER_CHAIN_LENGTH ; 2                              ; 3                            ; --          ; --             ;
; SYNTH_TIMING_DRIVEN_SYNTHESIS         ; Off                            ; On                           ; --          ; --             ;
; USE_GENERATED_PHYSICAL_CONSTRAINTS    ; Off                            ; --                           ; --          ; eda_blast_fpga ;
+---------------------------------------+--------------------------------+------------------------------+-------------+----------------+


+-------------------------------------------------------------------------------------------------------------------------------+
; Flow Elapsed Time                                                                                                             ;
+---------------------------+--------------+-------------------------+---------------------+------------------------------------+
; Module Name               ; Elapsed Time ; Average Processors Used ; Peak Virtual Memory ; Total CPU Time (on all processors) ;
+---------------------------+--------------+-------------------------+---------------------+------------------------------------+
; Analysis & Synthesis      ; 00:00:02     ; 1.0                     ; 217 MB              ; 00:00:02                           ;
; Fitter                    ; 00:00:07     ; 1.5                     ; 338 MB              ; 00:00:09                           ;
; Assembler                 ; 00:00:00     ; 1.0                     ; 178 MB              ; 00:00:00                           ;
; TimeQuest Timing Analyzer ; 00:00:02     ; 1.0                     ; 244 MB              ; 00:00:01                           ;
; EDA Netlist Writer        ; 00:00:00     ; 1.0                     ; 171 MB              ; 00:00:00                           ;
; Total                     ; 00:00:11     ; --                      ; --                  ; 00:00:12                           ;
+---------------------------+--------------+-------------------------+---------------------+------------------------------------+


+--------------------------------------------------------------------------------------------+
; Flow OS Summary                                                                            ;
+---------------------------+------------------+---------------+------------+----------------+
; Module Name               ; Machine Hostname ; OS Name       ; OS Version ; Processor type ;
+---------------------------+------------------+---------------+------------+----------------+
; Analysis & Synthesis      ; 325-00           ; Windows Vista ; 6.1        ; x86_64         ;
; Fitter                    ; 325-00           ; Windows Vista ; 6.1        ; x86_64         ;
; Assembler                 ; 325-00           ; Windows Vista ; 6.1        ; x86_64         ;
; TimeQuest Timing Analyzer ; 325-00           ; Windows Vista ; 6.1        ; x86_64         ;
; EDA Netlist Writer        ; 325-00           ; Windows Vista ; 6.1        ; x86_64         ;
+---------------------------+------------------+---------------+------------+----------------+


------------
; Flow Log ;
------------
quartus_map --read_settings_files=on --write_settings_files=off course_3_mult -c course_3_mult
quartus_fit --read_settings_files=off --write_settings_files=off course_3_mult -c course_3_mult
quartus_asm --read_settings_files=off --write_settings_files=off course_3_mult -c course_3_mult
quartus_sta course_3_mult -c course_3_mult
quartus_eda --read_settings_files=off --write_settings_files=off course_3_mult -c course_3_mult



